<?xml version="1.0" encoding="UTF-8"?>
<testng-results skipped="0" failed="0" ignored="0" total="1" passed="1">
  <reporter-output>
  </reporter-output>
  <suite name="Sample test Suite" duration-ms="24226" started-at="2020-03-04T10:56:28Z" finished-at="2020-03-04T10:56:53Z">
    <groups>
    </groups>
    <test name="Sample test" duration-ms="24226" started-at="2020-03-04T10:56:28Z" finished-at="2020-03-04T10:56:53Z">
      <class name="com.training.sanity.tests.EditInfoUNI005">
        <test-method status="PASS" signature="setUpBeforeClass()[pri:0, instance:com.training.sanity.tests.EditInfoUNI005@51565ec2]" name="setUpBeforeClass" is-config="true" duration-ms="29" started-at="2020-03-04T16:26:28Z" finished-at="2020-03-04T16:26:28Z">
          <reporter-output>
          </reporter-output>
        </test-method> <!-- setUpBeforeClass -->
        <test-method status="PASS" signature="setUp()[pri:0, instance:com.training.sanity.tests.EditInfoUNI005@51565ec2]" name="setUp" is-config="true" duration-ms="14885" started-at="2020-03-04T16:26:29Z" finished-at="2020-03-04T16:26:43Z">
          <reporter-output>
          </reporter-output>
        </test-method> <!-- setUp -->
        <test-method status="PASS" signature="validLoginTest()[pri:0, instance:com.training.sanity.tests.EditInfoUNI005@51565ec2]" name="validLoginTest" duration-ms="9262" started-at="2020-03-04T16:26:43Z" finished-at="2020-03-04T16:26:53Z">
          <reporter-output>
          </reporter-output>
        </test-method> <!-- validLoginTest -->
      </class> <!-- com.training.sanity.tests.EditInfoUNI005 -->
    </test> <!-- Sample test -->
  </suite> <!-- Sample test Suite -->
</testng-results>
